[30/12/2023 16:33:31] (users) [database.py.__init__#168]  Build Database object for: users <DB: name=users keyProvider=username columns={'username', 'password', 'email'} file=./db/users.json>
[30/12/2023 16:33:31] (tasks) [database.py.__init__#168]  Build Database object for: tasks <DB: name=tasks keyProvider=_UUID4KEY columns={'date_end', 'author', 'date_start', 'description', 'name'} file=./db/tasks.json>
[30/12/2023 17:11:34] (users) [database.py.__init__#168]  Build Database object for: users <DB: name=users keyProvider=username columns={'username', 'password', 'email'} file=./db/users.json>
[30/12/2023 17:11:34] (tasks) [database.py.__init__#168]  Build Database object for: tasks <DB: name=tasks keyProvider=_UUID4KEY columns={'author', 'date_end', 'name', 'description', 'date_start'} file=./db/tasks.json>
[01/01/2024 18:18:16] (users) [database.py.__init__#168]  Build Database object for: users <DB: name=users keyProvider=username columns={'email', 'username', 'password'} file=./db/users.json>
[01/01/2024 18:18:16] (tasks) [database.py.__init__#168]  Build Database object for: tasks <DB: name=tasks keyProvider=_UUID4KEY columns={'date_start', 'description', 'author', 'name', 'date_end'} file=./db/tasks.json>
[01/01/2024 18:22:11] (users) [database.py.__init__#168]  Build Database object for: users <DB: name=users keyProvider=username columns={'password', 'email', 'username'} file=./db/users.json>
[01/01/2024 18:22:11] (tasks) [database.py.__init__#168]  Build Database object for: tasks <DB: name=tasks keyProvider=_UUID4KEY columns={'date_end', 'date_start', 'author', 'description', 'name'} file=./db/tasks.json>
[01/01/2024 18:23:49] (users) [database.py.__init__#168]  Build Database object for: users <DB: name=users keyProvider=username columns={'email', 'password', 'username'} file=./db/users.json>
[01/01/2024 18:23:49] (tasks) [database.py.__init__#168]  Build Database object for: tasks <DB: name=tasks keyProvider=_UUID4KEY columns={'name', 'description', 'date_start', 'date_end', 'author'} file=./db/tasks.json>
[01/01/2024 18:29:15] (users) [database.py.__init__#168]  Build Database object for: users <DB: name=users keyProvider=username columns={'password', 'email', 'username'} file=./db/users.json>
[01/01/2024 18:29:15] (tasks) [database.py.__init__#168]  Build Database object for: tasks <DB: name=tasks keyProvider=_UUID4KEY columns={'date_end', 'name', 'description', 'author', 'date_start'} file=./db/tasks.json>
[01/01/2024 18:30:47] (users) [database.py.__init__#168]  Build Database object for: users <DB: name=users keyProvider=username columns={'username', 'email', 'password'} file=./db/users.json>
[01/01/2024 18:30:47] (tasks) [database.py.__init__#168]  Build Database object for: tasks <DB: name=tasks keyProvider=_UUID4KEY columns={'date_start', 'name', 'description', 'date_end', 'author'} file=./db/tasks.json>
[01/01/2024 18:33:54] (users) [database.py.__init__#168]  Build Database object for: users <DB: name=users keyProvider=username columns={'username', 'password', 'email'} file=./db/users.json>
[01/01/2024 18:33:54] (tasks) [database.py.__init__#168]  Build Database object for: tasks <DB: name=tasks keyProvider=_UUID4KEY columns={'description', 'date_start', 'author', 'name', 'date_end'} file=./db/tasks.json>
[01/01/2024 18:38:56] (users) [database.py.__init__#168]  Build Database object for: users <DB: name=users keyProvider=username columns={'email', 'username', 'password'} file=./db/users.json>
[01/01/2024 18:38:56] (tasks) [database.py.__init__#168]  Build Database object for: tasks <DB: name=tasks keyProvider=_UUID4KEY columns={'date_start', 'date_end', 'author', 'description', 'name'} file=./db/tasks.json>
[01/01/2024 18:42:43] (users) [database.py.__init__#168]  Build Database object for: users <DB: name=users keyProvider=username columns={'username', 'email', 'password'} file=./db/users.json>
[01/01/2024 18:42:43] (tasks) [database.py.__init__#168]  Build Database object for: tasks <DB: name=tasks keyProvider=_UUID4KEY columns={'description', 'author', 'date_end', 'date_start', 'name'} file=./db/tasks.json>
[01/01/2024 18:46:23] (users) [database.py.__init__#168]  Build Database object for: users <DB: name=users keyProvider=username columns={'password', 'email', 'username'} file=./db/users.json>
[01/01/2024 18:46:23] (tasks) [database.py.__init__#168]  Build Database object for: tasks <DB: name=tasks keyProvider=_UUID4KEY columns={'author', 'date_start', 'description', 'date_end', 'name'} file=./db/tasks.json>
[01/01/2024 18:49:57] (users) [database.py.__init__#168]  Build Database object for: users <DB: name=users keyProvider=username columns={'username', 'email', 'password'} file=./db/users.json>
[01/01/2024 18:49:57] (tasks) [database.py.__init__#168]  Build Database object for: tasks <DB: name=tasks keyProvider=_UUID4KEY columns={'date_end', 'description', 'author', 'date_start', 'name'} file=./db/tasks.json>
[02/01/2024 16:53:08] (users) [database.py.__init__#168]  Build Database object for: users <DB: name=users keyProvider=username columns={'username', 'email', 'password'} file=./db/users.json>
[02/01/2024 16:53:08] (tasks) [database.py.__init__#168]  Build Database object for: tasks <DB: name=tasks keyProvider=_UUID4KEY columns={'description', 'date_start', 'author', 'name', 'date_end'} file=./db/tasks.json>
[02/01/2024 16:57:29] (users) [database.py.__init__#168]  Build Database object for: users <DB: name=users keyProvider=username columns={'username', 'password', 'email'} file=./db/users.json>
[02/01/2024 16:57:30] (tasks) [database.py.__init__#168]  Build Database object for: tasks <DB: name=tasks keyProvider=_UUID4KEY columns={'name', 'description', 'author', 'date_end', 'date_start'} file=./db/tasks.json>
[02/01/2024 17:01:24] (users) [database.py.__init__#168]  Build Database object for: users <DB: name=users keyProvider=username columns={'password', 'email', 'username'} file=./db/users.json>
[02/01/2024 17:01:24] (tasks) [database.py.__init__#168]  Build Database object for: tasks <DB: name=tasks keyProvider=_UUID4KEY columns={'date_start', 'name', 'description', 'author', 'date_end'} file=./db/tasks.json>
[02/01/2024 17:02:43] (users) [database.py.__init__#168]  Build Database object for: users <DB: name=users keyProvider=username columns={'password', 'username', 'email'} file=./db/users.json>
[02/01/2024 17:02:43] (tasks) [database.py.__init__#168]  Build Database object for: tasks <DB: name=tasks keyProvider=_UUID4KEY columns={'date_end', 'description', 'author', 'name', 'date_start'} file=./db/tasks.json>
[02/01/2024 17:38:15] (users) [database.py.__init__#168]  Build Database object for: users <DB: name=users keyProvider=username columns={'username', 'email', 'password'} file=./db/users.json>
[02/01/2024 17:38:15] (tasks) [database.py.__init__#168]  Build Database object for: tasks <DB: name=tasks keyProvider=_UUID4KEY columns={'description', 'date_end', 'name', 'date_start', 'author'} file=./db/tasks.json>
[02/01/2024 17:40:37] (users) [database.py.__init__#168]  Build Database object for: users <DB: name=users keyProvider=username columns={'email', 'username', 'password'} file=./db/users.json>
[02/01/2024 17:40:37] (tasks) [database.py.__init__#168]  Build Database object for: tasks <DB: name=tasks keyProvider=_UUID4KEY columns={'author', 'date_end', 'name', 'date_start', 'description'} file=./db/tasks.json>
[02/01/2024 17:45:01] (users) [database.py.__init__#168]  Build Database object for: users <DB: name=users keyProvider=username columns={'password', 'email', 'username'} file=./db/users.json>
[02/01/2024 17:45:01] (tasks) [database.py.__init__#168]  Build Database object for: tasks <DB: name=tasks keyProvider=_UUID4KEY columns={'name', 'description', 'date_start', 'date_end', 'author'} file=./db/tasks.json>
[02/01/2024 17:47:06] (users) [database.py.__init__#168]  Build Database object for: users <DB: name=users keyProvider=username columns={'email', 'username', 'password'} file=./db/users.json>
[02/01/2024 17:47:06] (tasks) [database.py.__init__#168]  Build Database object for: tasks <DB: name=tasks keyProvider=_UUID4KEY columns={'date_start', 'author', 'description', 'date_end', 'name'} file=./db/tasks.json>
[02/01/2024 17:49:46] (users) [database.py.__init__#168]  Build Database object for: users <DB: name=users keyProvider=username columns={'password', 'email', 'username'} file=./db/users.json>
[02/01/2024 17:49:46] (tasks) [database.py.__init__#168]  Build Database object for: tasks <DB: name=tasks keyProvider=_UUID4KEY columns={'name', 'date_start', 'date_end', 'description', 'author'} file=./db/tasks.json>
[02/01/2024 17:58:47] (users) [database.py.__init__#168]  Build Database object for: users <DB: name=users keyProvider=username columns={'username', 'password', 'email'} file=./db/users.json>
[02/01/2024 17:58:47] (tasks) [database.py.__init__#168]  Build Database object for: tasks <DB: name=tasks keyProvider=_UUID4KEY columns={'date_start', 'author', 'description', 'name', 'date_end'} file=./db/tasks.json>
[02/01/2024 18:09:19] (users) [database.py.__init__#168]  Build Database object for: users <DB: name=users keyProvider=username columns={'password', 'email', 'username'} file=./db/users.json>
[02/01/2024 18:09:19] (tasks) [database.py.__init__#168]  Build Database object for: tasks <DB: name=tasks keyProvider=_UUID4KEY columns={'description', 'name', 'date_start', 'author', 'date_end'} file=./db/tasks.json>
[02/01/2024 19:11:37] (users) [database.py.__init__#168]  Build Database object for: users <DB: name=users keyProvider=username columns={'email', 'username', 'password'} file=./db/users.json>
[02/01/2024 19:11:37] (tasks) [database.py.__init__#168]  Build Database object for: tasks <DB: name=tasks keyProvider=_UUID4KEY columns={'author', 'description', 'date_start', 'date_end', 'name'} file=./db/tasks.json>
[03/01/2024 16:13:12] (users) [database.py.__init__#168]  Build Database object for: users <DB: name=users keyProvider=username columns={'email', 'password', 'username'} file=./db/users.json>
[03/01/2024 16:13:12] (tasks) [database.py.__init__#168]  Build Database object for: tasks <DB: name=tasks keyProvider=_UUID4KEY columns={'author', 'date_end', 'description', 'date_start', 'name'} file=./db/tasks.json>
[03/01/2024 18:19:31] (users) [database.py.__init__#168]  Build Database object for: users <DB: name=users keyProvider=username columns={'email', 'password', 'username'} file=./db/users.json>
[03/01/2024 18:19:32] (tasks) [database.py.__init__#168]  Build Database object for: tasks <DB: name=tasks keyProvider=_UUID4KEY columns={'date_start', 'author', 'name', 'description', 'date_end'} file=./db/tasks.json>
[03/01/2024 18:27:48] (users) [database.py.__init__#168]  Build Database object for: users <DB: name=users keyProvider=username columns={'username', 'email', 'password'} file=./db/users.json>
[03/01/2024 18:27:48] (tasks) [database.py.__init__#168]  Build Database object for: tasks <DB: name=tasks keyProvider=_UUID4KEY columns={'date_start', 'author', 'date_end', 'name', 'description'} file=./db/tasks.json>
[03/01/2024 18:54:12] (users) [database.py.__init__#168]  Build Database object for: users <DB: name=users keyProvider=username columns={'email', 'password', 'username'} file=./db/users.json>
[03/01/2024 18:54:12] (tasks) [database.py.__init__#168]  Build Database object for: tasks <DB: name=tasks keyProvider=_UUID4KEY columns={'date_start', 'author', 'description', 'date_end', 'name'} file=./db/tasks.json>
[03/01/2024 19:00:18] (users) [database.py.__init__#168]  Build Database object for: users <DB: name=users keyProvider=username columns={'email', 'password', 'username'} file=./db/users.json>
[03/01/2024 19:00:18] (tasks) [database.py.__init__#168]  Build Database object for: tasks <DB: name=tasks keyProvider=_UUID4KEY columns={'author', 'date_start', 'date_end', 'name', 'description'} file=./db/tasks.json>
[05/01/2024 09:13:50] (users) [database.py.__init__#168]  Build Database object for: users <DB: name=users keyProvider=username columns={'password', 'email', 'username'} file=./db/users.json>
[05/01/2024 09:13:51] (tasks) [database.py.__init__#168]  Build Database object for: tasks <DB: name=tasks keyProvider=_UUID4KEY columns={'author', 'date_start', 'date_end', 'description', 'name'} file=./db/tasks.json>
[05/01/2024 09:27:14] (users) [database.py.__init__#168]  Build Database object for: users <DB: name=users keyProvider=username columns={'email', 'password', 'username'} file=./db/users.json>
[05/01/2024 09:27:14] (tasks) [database.py.__init__#168]  Build Database object for: tasks <DB: name=tasks keyProvider=_UUID4KEY columns={'author', 'name', 'description', 'date_start', 'date_end'} file=./db/tasks.json>
[05/01/2024 09:47:27] (users) [database.py.__init__#168]  Build Database object for: users <DB: name=users keyProvider=username columns={'username', 'password', 'email'} file=./db/users.json>
[05/01/2024 09:47:27] (tasks) [database.py.__init__#168]  Build Database object for: tasks <DB: name=tasks keyProvider=_UUID4KEY columns={'description', 'name', 'date_start', 'date_end', 'author'} file=./db/tasks.json>
[05/01/2024 10:01:26] (users) [database.py.__init__#168]  Build Database object for: users <DB: name=users keyProvider=username columns={'username', 'password', 'email'} file=./db/users.json>
[05/01/2024 10:01:27] (tasks) [database.py.__init__#168]  Build Database object for: tasks <DB: name=tasks keyProvider=_UUID4KEY columns={'author', 'description', 'name', 'date_end', 'date_start'} file=./db/tasks.json>
[05/01/2024 10:40:00] (users) [database.py.__init__#168]  Build Database object for: users <DB: name=users keyProvider=username columns={'username', 'email', 'password'} file=./db/users.json>
[05/01/2024 10:40:00] (tasks) [database.py.__init__#168]  Build Database object for: tasks <DB: name=tasks keyProvider=_UUID4KEY columns={'date_start', 'author', 'name', 'date_end', 'description'} file=./db/tasks.json>
[05/01/2024 11:11:24] (users) [database.py.__init__#168]  Build Database object for: users <DB: name=users keyProvider=username columns={'password', 'username', 'email'} file=./db/users.json>
[05/01/2024 11:11:24] (tasks) [database.py.__init__#168]  Build Database object for: tasks <DB: name=tasks keyProvider=_UUID4KEY columns={'date_end', 'date_start', 'name', 'author', 'description'} file=./db/tasks.json>
[05/01/2024 11:31:05] (users) [database.py.__init__#168]  Build Database object for: users <DB: name=users keyProvider=username columns={'password', 'username', 'email'} file=./db/users.json>
[05/01/2024 11:31:05] (tasks) [database.py.__init__#168]  Build Database object for: tasks <DB: name=tasks keyProvider=_UUID4KEY columns={'description', 'date_start', 'name', 'author', 'date_end'} file=./db/tasks.json>
[05/01/2024 11:46:48] (users) [database.py.__init__#168]  Build Database object for: users <DB: name=users keyProvider=username columns={'email', 'password', 'username'} file=./db/users.json>
[05/01/2024 11:46:48] (tasks) [database.py.__init__#168]  Build Database object for: tasks <DB: name=tasks keyProvider=_UUID4KEY columns={'description', 'date_start', 'author', 'name', 'date_end'} file=./db/tasks.json>
