<<<<<<< HEAD
[02/01/2024 16:54:06] (381d2ac4ff4d491db9c9e91d8a9d2df1) [tasks.py.create_task#53]  Created task for: a94a8fe5ccb19ba61c4c0873d391e987982fbbd3 (Test)
[02/01/2024 17:03:31] (381d2ac4ff4d491db9c9e91d8a9d2df1) [tasks.py.edit_task#99]  Updated task
[02/01/2024 17:04:24] (381d2ac4ff4d491db9c9e91d8a9d2df1) [tasks.py.edit_task#99]  Updated task
[02/01/2024 17:05:22] (381d2ac4ff4d491db9c9e91d8a9d2df1) [tasks.py.edit_task#99]  Updated task
[02/01/2024 17:38:32] (381d2ac4ff4d491db9c9e91d8a9d2df1) [tasks.py.remove_task#104]  Removed task
[03/01/2024 18:28:29] (3590e15cc52c4aa4836bda96b87a035d) [tasks.py.create_task#53]  Created task for: a94a8fe5ccb19ba61c4c0873d391e987982fbbd3 (Test)
[03/01/2024 18:28:56] (3590e15cc52c4aa4836bda96b87a035d) [tasks.py.edit_task#99]  Updated task
[03/01/2024 18:54:29] (3590e15cc52c4aa4836bda96b87a035d) [tasks.py.remove_task#104]  Removed task
[03/01/2024 18:54:56] (d147684102fe4178bf746e9ac0296226) [tasks.py.create_task#53]  Created task for: a94a8fe5ccb19ba61c4c0873d391e987982fbbd3 (Test)
[03/01/2024 18:55:21] (47305032a7f64ab6b665d6d0941b2cdf) [tasks.py.create_task#53]  Created task for: a94a8fe5ccb19ba61c4c0873d391e987982fbbd3 (Test 2 )
[03/01/2024 18:55:25] (47305032a7f64ab6b665d6d0941b2cdf) [tasks.py.remove_task#104]  Removed task
[03/01/2024 18:55:27] (d147684102fe4178bf746e9ac0296226) [tasks.py.remove_task#104]  Removed task
[03/01/2024 19:01:14] (e2da162d3c1c44ef9cefa1f217591aa8) [tasks.py.create_task#53]  Created task for: a94a8fe5ccb19ba61c4c0873d391e987982fbbd3 (Test)
[05/01/2024 10:01:53] (e2da162d3c1c44ef9cefa1f217591aa8) [tasks.py.edit_task#99]  Updated task
[05/01/2024 10:01:58] (e2da162d3c1c44ef9cefa1f217591aa8) [tasks.py.remove_task#104]  Removed task
[05/01/2024 10:02:13] (d2995d5e900f4ba58ff3c46ca855ddb6) [tasks.py.create_task#53]  Created task for: a94a8fe5ccb19ba61c4c0873d391e987982fbbd3 (Test)
[05/01/2024 10:06:34] (d2995d5e900f4ba58ff3c46ca855ddb6) [tasks.py.remove_task#104]  Removed task
[05/01/2024 10:06:55] (ad689ea6a88c4f368bd65654edd99002) [tasks.py.create_task#53]  Created task for: a94a8fe5ccb19ba61c4c0873d391e987982fbbd3 (Test dwa)
[05/01/2024 10:07:30] (b98dbf2f8b8442fc9985b5226c847f19) [tasks.py.create_task#53]  Created task for: a94a8fe5ccb19ba61c4c0873d391e987982fbbd3 (Test dwadd)
[05/01/2024 10:07:41] (b98dbf2f8b8442fc9985b5226c847f19) [tasks.py.remove_task#104]  Removed task
[05/01/2024 10:07:42] (ad689ea6a88c4f368bd65654edd99002) [tasks.py.remove_task#104]  Removed task
[05/01/2024 10:46:25] (388420fe23cc49cc9a1f4b7193faa2a6) [tasks.py.create_task#53]  Created task for: a94a8fe5ccb19ba61c4c0873d391e987982fbbd3 (Test)
[05/01/2024 11:16:57] (388420fe23cc49cc9a1f4b7193faa2a6) [tasks.py.remove_task#104]  Removed task
[05/01/2024 11:23:04] (85938b8057584a728e552ef7a8c6f91a) [tasks.py.create_task#53]  Created task for: a94a8fe5ccb19ba61c4c0873d391e987982fbbd3 (Test)
[05/01/2024 11:23:51] (85938b8057584a728e552ef7a8c6f91a) [tasks.py.edit_task#99]  Updated task
[05/01/2024 11:23:56] (85938b8057584a728e552ef7a8c6f91a) [tasks.py.remove_task#104]  Removed task
[05/01/2024 11:32:01] (e96b847c68b04f15ab3195148fb88c09) [tasks.py.create_task#53]  Created task for: a94a8fe5ccb19ba61c4c0873d391e987982fbbd3 (Test )
[05/01/2024 11:32:27] (46443a925e5b4de99b1ea0989dd50cdb) [tasks.py.create_task#53]  Created task for: a94a8fe5ccb19ba61c4c0873d391e987982fbbd3 (Test 2)
[05/01/2024 11:32:32] (46443a925e5b4de99b1ea0989dd50cdb) [tasks.py.remove_task#104]  Removed task
[05/01/2024 11:32:34] (e96b847c68b04f15ab3195148fb88c09) [tasks.py.remove_task#104]  Removed task
[05/01/2024 11:34:43] (7ff537bb55434e41b8335d4ecb8ef3ee) [tasks.py.create_task#53]  Created task for: a94a8fe5ccb19ba61c4c0873d391e987982fbbd3 (Test)
[05/01/2024 11:35:03] (7ff537bb55434e41b8335d4ecb8ef3ee) [tasks.py.edit_task#99]  Updated task
[05/01/2024 11:36:50] (7ff537bb55434e41b8335d4ecb8ef3ee) [tasks.py.remove_task#104]  Removed task
[05/01/2024 12:08:20] (0f39a74883c1419cad117d1300291d8e) [tasks.py.create_task#53]  Created task for: a94a8fe5ccb19ba61c4c0873d391e987982fbbd3 (Test auth)
[05/01/2024 12:10:00] (b1a5b7b407ee4b05b9bd74a25bded43e) [tasks.py.create_task#53]  Created task for: a94a8fe5ccb19ba61c4c0873d391e987982fbbd3 (Test 2)
[05/01/2024 12:10:22] (b1a5b7b407ee4b05b9bd74a25bded43e) [tasks.py.edit_task#99]  Updated task
[05/01/2024 12:10:41] (b1a5b7b407ee4b05b9bd74a25bded43e) [tasks.py.edit_task#99]  Updated task
[05/01/2024 12:10:47] (b1a5b7b407ee4b05b9bd74a25bded43e) [tasks.py.remove_task#104]  Removed task
[05/01/2024 12:10:51] (0f39a74883c1419cad117d1300291d8e) [tasks.py.remove_task#104]  Removed task
[05/01/2024 12:11:01] (22abb90ea1f84e3a9e0a7685b5605c01) [tasks.py.create_task#53]  Created task for: a94a8fe5ccb19ba61c4c0873d391e987982fbbd3 (Test)
[05/01/2024 12:11:09] (22abb90ea1f84e3a9e0a7685b5605c01) [tasks.py.edit_task#99]  Updated task
[05/01/2024 12:11:12] (22abb90ea1f84e3a9e0a7685b5605c01) [tasks.py.remove_task#104]  Removed task
[05/01/2024 12:11:33] (99b1751dfd0e4e38ac04db1547a426fa) [tasks.py.create_task#53]  Created task for: a94a8fe5ccb19ba61c4c0873d391e987982fbbd3 (Test )
[05/01/2024 12:12:10] (7b7b194bfa2d4346bfd01f3f30d60140) [tasks.py.create_task#53]  Created task for: d033e22ae348aeb5660fc2140aec35850c4da997 (Test)
[06/01/2024 15:34:54] (78fcfa17a9cb45f2bdd8897a2d9b3cd0) [tasks.py.create_task#53]  Created task for: a94a8fe5ccb19ba61c4c0873d391e987982fbbd3 (Test s)
[07/01/2024 11:15:18] (78fcfa17a9cb45f2bdd8897a2d9b3cd0) [tasks.py.remove_task#104]  Removed task
[07/01/2024 11:15:19] (99b1751dfd0e4e38ac04db1547a426fa) [tasks.py.remove_task#104]  Removed task
[07/01/2024 11:15:34] (5dff58c0fbb347d8b9072a5aa108e0e6) [tasks.py.create_task#53]  Created task for: a94a8fe5ccb19ba61c4c0873d391e987982fbbd3 (Test)
[07/01/2024 12:21:08] (5dff58c0fbb347d8b9072a5aa108e0e6) [tasks.py.edit_task#99]  Updated task
[07/01/2024 12:22:23] (5dff58c0fbb347d8b9072a5aa108e0e6) [tasks.py.edit_task#99]  Updated task
[07/01/2024 12:22:28] (5dff58c0fbb347d8b9072a5aa108e0e6) [tasks.py.edit_task#99]  Updated task
[07/01/2024 12:22:56] (5dff58c0fbb347d8b9072a5aa108e0e6) [tasks.py.edit_task#99]  Updated task
[07/01/2024 12:23:39] (5dff58c0fbb347d8b9072a5aa108e0e6) [tasks.py.edit_task#99]  Updated task
[07/01/2024 13:28:55] (5dff58c0fbb347d8b9072a5aa108e0e6) [tasks.py.edit_task#99]  Updated task
[07/01/2024 13:29:28] (5dff58c0fbb347d8b9072a5aa108e0e6) [tasks.py.edit_task#99]  Updated task
[07/01/2024 13:29:51] (5eb7cb80598c48dfae7abc231fdabdc6) [tasks.py.create_task#53]  Created task for: a94a8fe5ccb19ba61c4c0873d391e987982fbbd3 (Test 2)
[07/01/2024 13:30:15] (5dff58c0fbb347d8b9072a5aa108e0e6) [tasks.py.edit_task#99]  Updated task
[07/01/2024 13:30:20] (5eb7cb80598c48dfae7abc231fdabdc6) [tasks.py.remove_task#104]  Removed task
[07/01/2024 13:30:43] (5dff58c0fbb347d8b9072a5aa108e0e6) [tasks.py.edit_task#99]  Updated task
[07/01/2024 13:30:45] (5dff58c0fbb347d8b9072a5aa108e0e6) [tasks.py.remove_task#104]  Removed task
[07/01/2024 13:31:06] (cf6c149957394904b4483fefc2dc9f49) [tasks.py.create_task#53]  Created task for: a94a8fe5ccb19ba61c4c0873d391e987982fbbd3 (test)
[07/01/2024 13:31:33] (b0a731bafc3c4391918a140afc15f684) [tasks.py.create_task#53]  Created task for: a94a8fe5ccb19ba61c4c0873d391e987982fbbd3 (test 2)
[07/01/2024 13:31:36] (b0a731bafc3c4391918a140afc15f684) [tasks.py.remove_task#104]  Removed task
[07/01/2024 13:33:00] (b983513f34124b65974459fe46b02c30) [tasks.py.create_task#53]  Created task for: a94a8fe5ccb19ba61c4c0873d391e987982fbbd3 (test2)
[07/01/2024 13:33:31] (b983513f34124b65974459fe46b02c30) [tasks.py.remove_task#104]  Removed task
[07/01/2024 13:33:41] (1f4ac47d416448afa9af1ce55706725b) [tasks.py.create_task#53]  Created task for: a94a8fe5ccb19ba61c4c0873d391e987982fbbd3 (test2)
[07/01/2024 13:52:05] (1f4ac47d416448afa9af1ce55706725b) [tasks.py.remove_task#104]  Removed task
[07/01/2024 13:52:27] (f06a2a05d6c14b509ad6ece528e16056) [tasks.py.create_task#53]  Created task for: a94a8fe5ccb19ba61c4c0873d391e987982fbbd3 (test2)
[07/01/2024 13:53:16] (f06a2a05d6c14b509ad6ece528e16056) [tasks.py.remove_task#104]  Removed task
[07/01/2024 13:53:24] (f15884895fe54fddbf8af581db10929d) [tasks.py.create_task#53]  Created task for: a94a8fe5ccb19ba61c4c0873d391e987982fbbd3 (test2)
[07/01/2024 13:58:13] (f15884895fe54fddbf8af581db10929d) [tasks.py.remove_task#104]  Removed task
[07/01/2024 13:58:13] (cf6c149957394904b4483fefc2dc9f49) [tasks.py.remove_task#104]  Removed task
[07/01/2024 13:58:54] (9a35ccae05f6409ab11473201da37f55) [tasks.py.create_task#53]  Created task for: a94a8fe5ccb19ba61c4c0873d391e987982fbbd3 (Test)
[07/01/2024 13:59:32] (5024e35c4cc14963b4bf38cc2a6c7bf6) [tasks.py.create_task#53]  Created task for: a94a8fe5ccb19ba61c4c0873d391e987982fbbd3 (Test 2)
[07/01/2024 14:09:47] (5024e35c4cc14963b4bf38cc2a6c7bf6) [tasks.py.remove_task#104]  Removed task
[08/01/2024 19:38:02] (540a96faa9f946bc9fcc81b8a5a88a49) [tasks.py.create_task#53]  Created task for: a94a8fe5ccb19ba61c4c0873d391e987982fbbd3 (Test2)
[08/01/2024 19:48:35] (540a96faa9f946bc9fcc81b8a5a88a49) [tasks.py.remove_task#104]  Removed task
[08/01/2024 19:48:53] (6c2e15c0b27a4c8cb168da65b1f3fd2a) [tasks.py.create_task#53]  Created task for: a94a8fe5ccb19ba61c4c0873d391e987982fbbd3 (Test2)
[08/01/2024 19:50:11] (6c2e15c0b27a4c8cb168da65b1f3fd2a) [tasks.py.edit_task#99]  Updated task
[08/01/2024 19:50:12] (6c2e15c0b27a4c8cb168da65b1f3fd2a) [tasks.py.edit_task#99]  Updated task
[08/01/2024 19:50:21] (6c2e15c0b27a4c8cb168da65b1f3fd2a) [tasks.py.remove_task#104]  Removed task
[08/01/2024 19:52:29] (81e8b907dc9a410baf4d233c17548d6e) [tasks.py.create_task#53]  Created task for: a94a8fe5ccb19ba61c4c0873d391e987982fbbd3 (cos)
[09/01/2024 10:02:11] (174b079a82ea4d8b8b9423e127fdefd1) [tasks.py.create_task#53]  Created task for: a94a8fe5ccb19ba61c4c0873d391e987982fbbd3 (Test 3)
[09/01/2024 10:02:51] (174b079a82ea4d8b8b9423e127fdefd1) [tasks.py.edit_task#99]  Updated task
[09/01/2024 10:02:55] (174b079a82ea4d8b8b9423e127fdefd1) [tasks.py.edit_task#99]  Updated task
[09/01/2024 10:04:22] (174b079a82ea4d8b8b9423e127fdefd1) [tasks.py.remove_task#104]  Removed task
[09/01/2024 10:04:26] (81e8b907dc9a410baf4d233c17548d6e) [tasks.py.remove_task#104]  Removed task
[09/01/2024 10:04:28] (9a35ccae05f6409ab11473201da37f55) [tasks.py.remove_task#104]  Removed task
[09/01/2024 10:06:33] (c1795581bb1147a08311e7e72f377895) [tasks.py.create_task#53]  Created task for: a94a8fe5ccb19ba61c4c0873d391e987982fbbd3 (Test)
[09/01/2024 10:13:30] (4915d06ea0c44bfcb6fb8cf6699cbdc7) [tasks.py.create_task#53]  Created task for: a94a8fe5ccb19ba61c4c0873d391e987982fbbd3 (Test 2)
[09/01/2024 10:17:03] (4915d06ea0c44bfcb6fb8cf6699cbdc7) [tasks.py.edit_task#99]  Updated task
[09/01/2024 10:21:24] (4915d06ea0c44bfcb6fb8cf6699cbdc7) [tasks.py.edit_task#99]  Updated task
[09/01/2024 10:21:27] (4915d06ea0c44bfcb6fb8cf6699cbdc7) [tasks.py.remove_task#104]  Removed task
[09/01/2024 10:21:44] (d27dfbbc9921476cb409985ee49e7470) [tasks.py.create_task#53]  Created task for: a94a8fe5ccb19ba61c4c0873d391e987982fbbd3 (Test 2)
[09/01/2024 10:21:53] (4f3f977b685e415ca2c57ef54749fccc) [tasks.py.create_task#53]  Created task for: a94a8fe5ccb19ba61c4c0873d391e987982fbbd3 (Test 3)
[09/01/2024 10:21:56] (4f3f977b685e415ca2c57ef54749fccc) [tasks.py.remove_task#104]  Removed task
[09/01/2024 10:24:30] (d27dfbbc9921476cb409985ee49e7470) [tasks.py.remove_task#104]  Removed task
[09/01/2024 10:34:16] (3a7ee53aa2a945f9847a10bb05e7162d) [tasks.py.create_task#53]  Created task for: a94a8fe5ccb19ba61c4c0873d391e987982fbbd3 (Test 2)
[09/01/2024 10:34:47] (3a7ee53aa2a945f9847a10bb05e7162d) [tasks.py.remove_task#104]  Removed task
[09/01/2024 10:35:02] (420a30466e0b46e19069a7949fc0159f) [tasks.py.create_task#53]  Created task for: a94a8fe5ccb19ba61c4c0873d391e987982fbbd3 (Test 2)
[09/01/2024 10:35:58] (cd788ae1e4ad43848d24dba7c0aebd75) [tasks.py.create_task#53]  Created task for: a94a8fe5ccb19ba61c4c0873d391e987982fbbd3 (Test 2222)
[09/01/2024 10:36:40] (cd788ae1e4ad43848d24dba7c0aebd75) [tasks.py.remove_task#104]  Removed task
[09/01/2024 10:36:41] (420a30466e0b46e19069a7949fc0159f) [tasks.py.remove_task#104]  Removed task
[09/01/2024 10:36:53] (fe35a7933d22416f9cd7ba289ee0b4eb) [tasks.py.create_task#53]  Created task for: a94a8fe5ccb19ba61c4c0873d391e987982fbbd3 (Test 2)
[09/01/2024 10:37:08] (fe35a7933d22416f9cd7ba289ee0b4eb) [tasks.py.edit_task#99]  Updated task
[09/01/2024 10:37:15] (fe35a7933d22416f9cd7ba289ee0b4eb) [tasks.py.remove_task#104]  Removed task
=======
>>>>>>> 3aeb302b2fd50d01f4e2938bc68744676bb5369d
